This is pdfTeX, Version 3.14159265-2.6-1.40.19 (TeX Live 2018) (preloaded format=pdflatex 2019.1.3)  11 DEC 2019 18:37
entering extended mode
 restricted \write18 enabled.
 file:line:error style messages enabled.
 %&-line parsing enabled.
**\nonstopmode\nofiles\PassOptionsToPackage{active,tightpage,auctex}{preview}\AtBeginDocument{\ifx\ifPreview\undefined\RequirePackage[displaymath,floats,graphics,textmath,sections,footnotes]{preview}[2004/11/05]\fi} \input {\detokenize{ _region_.tex }}
(./_region_.tex  !name(template.tex) (./EncabezadoTesisMSc.tex (/usr/local/texlive/2018/texmf-dist/tex/latex/base/report.cls
Document Class: report 2018/09/03 v1.4i Standard LaTeX document class
(/usr/local/texlive/2018/texmf-dist/tex/latex/base/fleqn.clo
File: fleqn.clo 2016/12/29 v1.2b Standard LaTeX option (flush left equations)
\mathindent=\dimen102
Applying: [2015/01/01] Make \[ robust on input line 50.
LaTeX Info: Redefining \[ on input line 51.
Already applied: [0000/00/00] Make \[ robust on input line 62.
Applying: [2015/01/01] Make \] robust on input line 74.
LaTeX Info: Redefining \] on input line 75.
Already applied: [0000/00/00] Make \] robust on input line 83.
) (/usr/local/texlive/2018/texmf-dist/tex/latex/base/size12.clo
File: size12.clo 2018/09/03 v1.4i Standard LaTeX file (size option)
)
\c@part=\count80
\c@chapter=\count81
\c@section=\count82
\c@subsection=\count83
\c@subsubsection=\count84
\c@paragraph=\count85
\c@subparagraph=\count86
\c@figure=\count87
\c@table=\count88
\abovecaptionskip=\skip41
\belowcaptionskip=\skip42
\bibindent=\dimen103
) (/usr/local/texlive/2018/texmf-dist/tex/latex/base/inputenc.sty
Package: inputenc 2018/08/11 v1.3c Input encoding file
\inpenc@prehook=\toks14
\inpenc@posthook=\toks15
 (/usr/local/texlive/2018/texmf-dist/tex/latex/base/ansinew.def
File: ansinew.def 2018/08/11 v1.3c Input encoding file
)) (/usr/local/texlive/2018/texmf-dist/tex/generic/babel/babel.sty
Package: babel 2018/11/13 3.27 The Babel package
 (/usr/local/texlive/2018/texmf-dist/tex/generic/babel/switch.def
File: switch.def 2018/11/13 3.27 Babel switching mechanism
) (/usr/local/texlive/2018/texmf-dist/tex/generic/babel-spanish/spanish.ldf
Language: spanish.ldf 2016/03/03 v5.0p Spanish support from the babel system
 (/usr/local/texlive/2018/texmf-dist/tex/generic/babel/babel.def
File: babel.def 2018/11/13 3.27 Babel common definitions
\babel@savecnt=\count89
\U@D=\dimen104
 (/usr/local/texlive/2018/texmf-dist/tex/generic/babel/txtbabel.def)
\bbl@dirlevel=\count90
)
\es@quottoks=\toks16
\es@quotdepth=\count91
Package babel Info: Making " an active character on input line 561.
Package babel Info: Making . an active character on input line 662.
Package babel Info: Making < an active character on input line 707.
Package babel Info: Making > an active character on input line 707.
)) (/usr/local/texlive/2018/texmf-dist/tex/latex/fancyhdr/fancyhdr.sty
Package: fancyhdr 2017/06/30 v3.9a Extensive control of page headers and footers
\f@nch@headwidth=\skip43
\f@nch@O@elh=\skip44
\f@nch@O@erh=\skip45
\f@nch@O@olh=\skip46
\f@nch@O@orh=\skip47
\f@nch@O@elf=\skip48
\f@nch@O@erf=\skip49
\f@nch@O@olf=\skip50
\f@nch@O@orf=\skip51
) (/usr/local/texlive/2018/texmf-dist/tex/latex/graphics/epsfig.sty
Package: epsfig 2017/06/25 v1.7b (e)psfig emulation (SPQR)
 (/usr/local/texlive/2018/texmf-dist/tex/latex/graphics/graphicx.sty
Package: graphicx 2017/06/01 v1.1a Enhanced LaTeX Graphics (DPC,SPQR)
 (/usr/local/texlive/2018/texmf-dist/tex/latex/graphics/keyval.sty
Package: keyval 2014/10/28 v1.15 key=value parser (DPC)
\KV@toks@=\toks17
) (/usr/local/texlive/2018/texmf-dist/tex/latex/graphics/graphics.sty
Package: graphics 2017/06/25 v1.2c Standard LaTeX Graphics (DPC,SPQR)
 (/usr/local/texlive/2018/texmf-dist/tex/latex/graphics/trig.sty
Package: trig 2016/01/03 v1.10 sin cos tan (DPC)
)
(/usr/local/texlive/2018/texmf-dist/tex/latex/graphics-cfg/graphics.cfg
File: graphics.cfg 2016/06/04 v1.11 sample graphics configuration
)
Package graphics Info: Driver file: pdftex.def on input line 99.
 (/usr/local/texlive/2018/texmf-dist/tex/latex/graphics-def/pdftex.def
File: pdftex.def 2018/01/08 v1.0l Graphics/color driver for pdftex
))
\Gin@req@height=\dimen105
\Gin@req@width=\dimen106
)
\epsfxsize=\dimen107
\epsfysize=\dimen108
) (/usr/local/texlive/2018/texmf-dist/tex/latex/eepic/epic.sty
Enhancements to Picture Environment. Version 1.2 - Released June 1, 1986
\@@multicnt=\count92
\d@lta=\count93
\@delta=\dimen109
\@@delta=\dimen110
\@gridcnt=\count94
\@joinkind=\count95
\@dotgap=\dimen111
\@ddotgap=\dimen112
\@x@diff=\count96
\@y@diff=\count97
\x@diff=\dimen113
\y@diff=\dimen114
\@dotbox=\box27
\num@segments=\count98
\num@segmentsi=\count99
\@datafile=\read1
) (/usr/local/texlive/2018/texmf-dist/tex/latex/eepic/eepic.sty
Extension to Epic and LaTeX. Version 1.1e - Released Dec 21, 1999
\@gphlinewidth=\count100
\@eepictcnt=\count101
\@tempdimc=\dimen115
\maxovaldiam=\dimen116
\@filltype=\box28
) (/usr/local/texlive/2018/texmf-dist/tex/latex/amsmath/amsmath.sty
Package: amsmath 2018/12/01 v2.17b AMS math features
\@mathmargin=\skip52

For additional information on amsmath, use the `?' option.
(/usr/local/texlive/2018/texmf-dist/tex/latex/amsmath/amstext.sty
Package: amstext 2000/06/29 v2.01 AMS text
 (/usr/local/texlive/2018/texmf-dist/tex/latex/amsmath/amsgen.sty
File: amsgen.sty 1999/11/30 v2.0 generic functions
\@emptytoks=\toks18
\ex@=\dimen117
)) (/usr/local/texlive/2018/texmf-dist/tex/latex/amsmath/amsbsy.sty
Package: amsbsy 1999/11/29 v1.2d Bold Symbols
\pmbraise@=\dimen118
) (/usr/local/texlive/2018/texmf-dist/tex/latex/amsmath/amsopn.sty
Package: amsopn 2016/03/08 v2.02 operator names
)
\inf@bad=\count102
LaTeX Info: Redefining \frac on input line 223.
\uproot@=\count103
\leftroot@=\count104
LaTeX Info: Redefining \overline on input line 385.
\classnum@=\count105
\DOTSCASE@=\count106
LaTeX Info: Redefining \ldots on input line 482.
LaTeX Info: Redefining \dots on input line 485.
LaTeX Info: Redefining \cdots on input line 606.
\Mathstrutbox@=\box29
\strutbox@=\box30
\big@size=\dimen119
LaTeX Font Info:    Redeclaring font encoding OML on input line 729.
LaTeX Font Info:    Redeclaring font encoding OMS on input line 730.
\macc@depth=\count107
\c@MaxMatrixCols=\count108
\dotsspace@=\muskip10
\c@parentequation=\count109
\dspbrk@lvl=\count110
\tag@help=\toks19
\row@=\count111
\column@=\count112
\maxfields@=\count113
\andhelp@=\toks20
\eqnshift@=\dimen120
\alignsep@=\dimen121
\tagshift@=\dimen122
\tagwidth@=\dimen123
\totwidth@=\dimen124
\lineht@=\dimen125
\@envbody=\toks21
\multlinegap=\skip53
\multlinetaggap=\skip54
\mathdisplay@stack=\toks22
LaTeX Info: Redefining \[ on input line 2844.
LaTeX Info: Redefining \] on input line 2845.
) (/usr/local/texlive/2018/texmf-dist/tex/latex/threeparttable/threeparttable.sty
Package: threeparttable 2003/06/13  v 3.0
\@tempboxb=\box31
) (/usr/local/texlive/2018/texmf-dist/tex/latex/amsmath/amscd.sty
Package: amscd 2017/04/14 v2.1 AMS Commutative Diagrams
\athelp@=\toks23
\minaw@=\dimen126
\bigaw@=\dimen127
\minCDarrowwidth=\dimen128
) (/usr/local/texlive/2018/texmf-dist/tex/latex/here/here.sty) (/usr/local/texlive/2018/texmf-dist/tex/latex/float/float.sty
Package: float 2001/11/08 v1.3d Float enhancements (AL)
\c@float@type=\count114
\float@exts=\toks24
\float@box=\box32
\@float@everytoks=\toks25
\@floatcapt=\box33
) (/usr/local/texlive/2018/texmf-dist/tex/latex/graphics/lscape.sty
Package: lscape 2000/10/22 v3.01 Landscape Pages (DPC)
) (/usr/local/texlive/2018/texmf-dist/tex/latex/tools/tabularx.sty
Package: tabularx 2016/02/03 v2.11b `tabularx' package (DPC)
 (/usr/local/texlive/2018/texmf-dist/tex/latex/tools/array.sty
Package: array 2018/11/13 v2.4j Tabular extension package (FMi)
\col@sep=\dimen129
\ar@mcellbox=\box34
\extrarowheight=\dimen130
\NC@list=\toks26
\extratabsurround=\skip55
\backup@length=\skip56
\ar@cellbox=\box35
)
\TX@col@width=\dimen131
\TX@old@table=\dimen132
\TX@old@col=\dimen133
\TX@target=\dimen134
\TX@delta=\dimen135
\TX@cols=\count115
\TX@ftn=\toks27
) (/usr/local/texlive/2018/texmf-dist/tex/latex/subfigure/subfigure.sty
Package: subfigure 2002/03/15 v2.1.5 subfigure package
\subfigtopskip=\skip57
\subfigcapskip=\skip58
\subfigcaptopadj=\dimen136
\subfigbottomskip=\skip59
\subfigcapmargin=\dimen137
\subfiglabelskip=\skip60
\c@subfigure=\count116
\c@lofdepth=\count117
\c@subtable=\count118
\c@lotdepth=\count119

****************************************
* Local config file subfigure.cfg used *
****************************************
(/usr/local/texlive/2018/texmf-dist/tex/latex/subfigure/subfigure.cfg)
\subfig@top=\skip61
\subfig@bottom=\skip62
) (/usr/local/texlive/2018/texmf-dist/tex/latex/tools/longtable.sty
Package: longtable 2014/10/28 v4.11 Multi-page Table package (DPC)
\LTleft=\skip63
\LTright=\skip64
\LTpre=\skip65
\LTpost=\skip66
\LTchunksize=\count120
\LTcapwidth=\dimen138
\LT@head=\box36
\LT@firsthead=\box37
\LT@foot=\box38
\LT@lastfoot=\box39
\LT@cols=\count121
\LT@rows=\count122
\c@LT@tables=\count123
\c@LT@chunks=\count124
\LT@p@ftn=\toks28
) (/usr/local/texlive/2018/texmf-dist/tex/latex/geometry/geometry.sty
Package: geometry 2018/04/16 v5.8 Page Geometry
 (/usr/local/texlive/2018/texmf-dist/tex/generic/oberdiek/ifpdf.sty
Package: ifpdf 2018/09/07 v3.3 Provides the ifpdf switch
) (/usr/local/texlive/2018/texmf-dist/tex/generic/oberdiek/ifvtex.sty
Package: ifvtex 2016/05/16 v1.6 Detect VTeX and its facilities (HO)
Package ifvtex Info: VTeX not detected.
) (/usr/local/texlive/2018/texmf-dist/tex/generic/ifxetex/ifxetex.sty
Package: ifxetex 2010/09/12 v0.6 Provides ifxetex conditional
)
\Gm@cnth=\count125
\Gm@cntv=\count126
\c@Gm@tempcnt=\count127
\Gm@bindingoffset=\dimen139
\Gm@wd@mp=\dimen140
\Gm@odd@mp=\dimen141
\Gm@even@mp=\dimen142
\Gm@layoutwidth=\dimen143
\Gm@layoutheight=\dimen144
\Gm@layouthoffset=\dimen145
\Gm@layoutvoffset=\dimen146
\Gm@dimlist=\toks29
) (/usr/local/texlive/2018/texmf-dist/tex/latex/pgfplots/pgfplots.sty (/usr/local/texlive/2018/texmf-dist/tex/generic/pgfplots/pgfplots.revision.tex)
Package: pgfplots 2018/03/28 v1.16 Data Visualization (1.16)
 (/usr/local/texlive/2018/texmf-dist/tex/latex/pgf/frontendlayer/tikz.sty (/usr/local/texlive/2018/texmf-dist/tex/latex/pgf/basiclayer/pgf.sty (/usr/local/texlive/2018/texmf-dist/tex/latex/pgf/utilities/pgfrcs.sty (/usr/local/texlive/2018/texmf-dist/tex/generic/pgf/utilities/pgfutil-common.tex
\pgfutil@everybye=\toks30
\pgfutil@tempdima=\dimen147
\pgfutil@tempdimb=\dimen148
 (/usr/local/texlive/2018/texmf-dist/tex/generic/pgf/utilities/pgfutil-common-lists.tex))
(/usr/local/texlive/2018/texmf-dist/tex/generic/pgf/utilities/pgfutil-latex.def
\pgfutil@abb=\box40
 (/usr/local/texlive/2018/texmf-dist/tex/latex/ms/everyshi.sty
Package: everyshi 2001/05/15 v3.00 EveryShipout Package (MS)
)) (/usr/local/texlive/2018/texmf-dist/tex/generic/pgf/utilities/pgfrcs.code.tex
Package: pgfrcs 2015/08/07 v3.0.1a (rcs-revision 1.31)
))
Package: pgf 2015/08/07 v3.0.1a (rcs-revision 1.15)
 (/usr/local/texlive/2018/texmf-dist/tex/latex/pgf/basiclayer/pgfcore.sty (/usr/local/texlive/2018/texmf-dist/tex/latex/pgf/systemlayer/pgfsys.sty (/usr/local/texlive/2018/texmf-dist/tex/generic/pgf/systemlayer/pgfsys.code.tex
Package: pgfsys 2014/07/09 v3.0.1a (rcs-revision 1.48)
 (/usr/local/texlive/2018/texmf-dist/tex/generic/pgf/utilities/pgfkeys.code.tex
\pgfkeys@pathtoks=\toks31
\pgfkeys@temptoks=\toks32
 (/usr/local/texlive/2018/texmf-dist/tex/generic/pgf/utilities/pgfkeysfiltered.code.tex
\pgfkeys@tmptoks=\toks33
))
\pgf@x=\dimen149
\pgf@y=\dimen150
\pgf@xa=\dimen151
\pgf@ya=\dimen152
\pgf@xb=\dimen153
\pgf@yb=\dimen154
\pgf@xc=\dimen155
\pgf@yc=\dimen156
\w@pgf@writea=\write3
\r@pgf@reada=\read2
\c@pgf@counta=\count128
\c@pgf@countb=\count129
\c@pgf@countc=\count130
\c@pgf@countd=\count131
\t@pgf@toka=\toks34
\t@pgf@tokb=\toks35
\t@pgf@tokc=\toks36
 (/usr/local/texlive/2018/texmf-dist/tex/generic/pgf/systemlayer/pgf.cfg
File: pgf.cfg 2008/05/14  (rcs-revision 1.7)
)
Driver file for pgf: pgfsys-pdftex.def
 (/usr/local/texlive/2018/texmf-dist/tex/generic/pgf/systemlayer/pgfsys-pdftex.def
File: pgfsys-pdftex.def 2014/10/11  (rcs-revision 1.35)
 (/usr/local/texlive/2018/texmf-dist/tex/generic/pgf/systemlayer/pgfsys-common-pdf.def
File: pgfsys-common-pdf.def 2013/10/10  (rcs-revision 1.13)
))) (/usr/local/texlive/2018/texmf-dist/tex/generic/pgf/systemlayer/pgfsyssoftpath.code.tex
File: pgfsyssoftpath.code.tex 2013/09/09  (rcs-revision 1.9)
\pgfsyssoftpath@smallbuffer@items=\count132
\pgfsyssoftpath@bigbuffer@items=\count133
)
(/usr/local/texlive/2018/texmf-dist/tex/generic/pgf/systemlayer/pgfsysprotocol.code.tex
File: pgfsysprotocol.code.tex 2006/10/16  (rcs-revision 1.4)
)) (/usr/local/texlive/2018/texmf-dist/tex/latex/xcolor/xcolor.sty
Package: xcolor 2016/05/11 v2.12 LaTeX color extensions (UK)
 (/usr/local/texlive/2018/texmf-dist/tex/latex/graphics-cfg/color.cfg
File: color.cfg 2016/01/02 v1.6 sample color configuration
)
Package xcolor Info: Driver file: pdftex.def on input line 225.
Package xcolor Info: Model `cmy' substituted by `cmy0' on input line 1348.
Package xcolor Info: Model `hsb' substituted by `rgb' on input line 1352.
Package xcolor Info: Model `RGB' extended on input line 1364.
Package xcolor Info: Model `HTML' substituted by `rgb' on input line 1366.
Package xcolor Info: Model `Hsb' substituted by `hsb' on input line 1367.
Package xcolor Info: Model `tHsb' substituted by `hsb' on input line 1368.
Package xcolor Info: Model `HSB' substituted by `hsb' on input line 1369.
Package xcolor Info: Model `Gray' substituted by `gray' on input line 1370.
Package xcolor Info: Model `wave' substituted by `hsb' on input line 1371.
) (/usr/local/texlive/2018/texmf-dist/tex/generic/pgf/basiclayer/pgfcore.code.tex
Package: pgfcore 2010/04/11 v3.0.1a (rcs-revision 1.7)
 (/usr/local/texlive/2018/texmf-dist/tex/generic/pgf/math/pgfmath.code.tex (/usr/local/texlive/2018/texmf-dist/tex/generic/pgf/math/pgfmathcalc.code.tex (/usr/local/texlive/2018/texmf-dist/tex/generic/pgf/math/pgfmathutil.code.tex) (/usr/local/texlive/2018/texmf-dist/tex/generic/pgf/math/pgfmathparser.code.tex
\pgfmath@dimen=\dimen157
\pgfmath@count=\count134
\pgfmath@box=\box41
\pgfmath@toks=\toks37
\pgfmath@stack@operand=\toks38
\pgfmath@stack@operation=\toks39
) (/usr/local/texlive/2018/texmf-dist/tex/generic/pgf/math/pgfmathfunctions.code.tex (/usr/local/texlive/2018/texmf-dist/tex/generic/pgf/math/pgfmathfunctions.basic.code.tex) (/usr/local/texlive/2018/texmf-dist/tex/generic/pgf/math/pgfmathfunctions.trigonometric.code.tex) (/usr/local/texlive/2018/texmf-dist/tex/generic/pgf/math/pgfmathfunctions.random.code.tex)
(/usr/local/texlive/2018/texmf-dist/tex/generic/pgf/math/pgfmathfunctions.comparison.code.tex) (/usr/local/texlive/2018/texmf-dist/tex/generic/pgf/math/pgfmathfunctions.base.code.tex) (/usr/local/texlive/2018/texmf-dist/tex/generic/pgf/math/pgfmathfunctions.round.code.tex) (/usr/local/texlive/2018/texmf-dist/tex/generic/pgf/math/pgfmathfunctions.misc.code.tex) (/usr/local/texlive/2018/texmf-dist/tex/generic/pgf/math/pgfmathfunctions.integerarithmetics.code.tex))) (/usr/local/texlive/2018/texmf-dist/tex/generic/pgf/math/pgfmathfloat.code.tex
\c@pgfmathroundto@lastzeros=\count135
)) (/usr/local/texlive/2018/texmf-dist/tex/generic/pgf/basiclayer/pgfcorepoints.code.tex
File: pgfcorepoints.code.tex 2013/10/07  (rcs-revision 1.27)
\pgf@picminx=\dimen158
\pgf@picmaxx=\dimen159
\pgf@picminy=\dimen160
\pgf@picmaxy=\dimen161
\pgf@pathminx=\dimen162
\pgf@pathmaxx=\dimen163
\pgf@pathminy=\dimen164
\pgf@pathmaxy=\dimen165
\pgf@xx=\dimen166
\pgf@xy=\dimen167
\pgf@yx=\dimen168
\pgf@yy=\dimen169
\pgf@zx=\dimen170
\pgf@zy=\dimen171
) (/usr/local/texlive/2018/texmf-dist/tex/generic/pgf/basiclayer/pgfcorepathconstruct.code.tex
File: pgfcorepathconstruct.code.tex 2013/10/07  (rcs-revision 1.29)
\pgf@path@lastx=\dimen172
\pgf@path@lasty=\dimen173
) (/usr/local/texlive/2018/texmf-dist/tex/generic/pgf/basiclayer/pgfcorepathusage.code.tex
File: pgfcorepathusage.code.tex 2014/11/02  (rcs-revision 1.24)
\pgf@shorten@end@additional=\dimen174
\pgf@shorten@start@additional=\dimen175
) (/usr/local/texlive/2018/texmf-dist/tex/generic/pgf/basiclayer/pgfcorescopes.code.tex
File: pgfcorescopes.code.tex 2015/05/08  (rcs-revision 1.46)
\pgfpic=\box42
\pgf@hbox=\box43
\pgf@layerbox@main=\box44
\pgf@picture@serial@count=\count136
) (/usr/local/texlive/2018/texmf-dist/tex/generic/pgf/basiclayer/pgfcoregraphicstate.code.tex
File: pgfcoregraphicstate.code.tex 2014/11/02  (rcs-revision 1.12)
\pgflinewidth=\dimen176
)
(/usr/local/texlive/2018/texmf-dist/tex/generic/pgf/basiclayer/pgfcoretransformations.code.tex
File: pgfcoretransformations.code.tex 2015/08/07  (rcs-revision 1.20)
\pgf@pt@x=\dimen177
\pgf@pt@y=\dimen178
\pgf@pt@temp=\dimen179
) (/usr/local/texlive/2018/texmf-dist/tex/generic/pgf/basiclayer/pgfcorequick.code.tex
File: pgfcorequick.code.tex 2008/10/09  (rcs-revision 1.3)
) (/usr/local/texlive/2018/texmf-dist/tex/generic/pgf/basiclayer/pgfcoreobjects.code.tex
File: pgfcoreobjects.code.tex 2006/10/11  (rcs-revision 1.2)
) (/usr/local/texlive/2018/texmf-dist/tex/generic/pgf/basiclayer/pgfcorepathprocessing.code.tex
File: pgfcorepathprocessing.code.tex 2013/09/09  (rcs-revision 1.9)
) (/usr/local/texlive/2018/texmf-dist/tex/generic/pgf/basiclayer/pgfcorearrows.code.tex
File: pgfcorearrows.code.tex 2015/05/14  (rcs-revision 1.43)
\pgfarrowsep=\dimen180
) (/usr/local/texlive/2018/texmf-dist/tex/generic/pgf/basiclayer/pgfcoreshade.code.tex
File: pgfcoreshade.code.tex 2013/07/15  (rcs-revision 1.15)
\pgf@max=\dimen181
\pgf@sys@shading@range@num=\count137
) (/usr/local/texlive/2018/texmf-dist/tex/generic/pgf/basiclayer/pgfcoreimage.code.tex
File: pgfcoreimage.code.tex 2013/07/15  (rcs-revision 1.18)
 (/usr/local/texlive/2018/texmf-dist/tex/generic/pgf/basiclayer/pgfcoreexternal.code.tex
File: pgfcoreexternal.code.tex 2014/07/09  (rcs-revision 1.21)
\pgfexternal@startupbox=\box45
)) (/usr/local/texlive/2018/texmf-dist/tex/generic/pgf/basiclayer/pgfcorelayers.code.tex
File: pgfcorelayers.code.tex 2013/07/18  (rcs-revision 1.7)
) (/usr/local/texlive/2018/texmf-dist/tex/generic/pgf/basiclayer/pgfcoretransparency.code.tex
File: pgfcoretransparency.code.tex 2013/09/30  (rcs-revision 1.5)
) (/usr/local/texlive/2018/texmf-dist/tex/generic/pgf/basiclayer/pgfcorepatterns.code.tex
File: pgfcorepatterns.code.tex 2013/11/07  (rcs-revision 1.5)
)))
(/usr/local/texlive/2018/texmf-dist/tex/generic/pgf/modules/pgfmoduleshapes.code.tex
File: pgfmoduleshapes.code.tex 2014/03/21  (rcs-revision 1.35)
\pgfnodeparttextbox=\box46
) (/usr/local/texlive/2018/texmf-dist/tex/generic/pgf/modules/pgfmoduleplot.code.tex
File: pgfmoduleplot.code.tex 2015/08/03  (rcs-revision 1.13)
) (/usr/local/texlive/2018/texmf-dist/tex/latex/pgf/compatibility/pgfcomp-version-0-65.sty
Package: pgfcomp-version-0-65 2007/07/03 v3.0.1a (rcs-revision 1.7)
\pgf@nodesepstart=\dimen182
\pgf@nodesepend=\dimen183
) (/usr/local/texlive/2018/texmf-dist/tex/latex/pgf/compatibility/pgfcomp-version-1-18.sty
Package: pgfcomp-version-1-18 2007/07/23 v3.0.1a (rcs-revision 1.1)
)) (/usr/local/texlive/2018/texmf-dist/tex/latex/pgf/utilities/pgffor.sty (/usr/local/texlive/2018/texmf-dist/tex/latex/pgf/utilities/pgfkeys.sty (/usr/local/texlive/2018/texmf-dist/tex/generic/pgf/utilities/pgfkeys.code.tex)) (/usr/local/texlive/2018/texmf-dist/tex/latex/pgf/math/pgfmath.sty (/usr/local/texlive/2018/texmf-dist/tex/generic/pgf/math/pgfmath.code.tex)) (/usr/local/texlive/2018/texmf-dist/tex/generic/pgf/utilities/pgffor.code.tex
Package: pgffor 2013/12/13 v3.0.1a (rcs-revision 1.25)
 (/usr/local/texlive/2018/texmf-dist/tex/generic/pgf/math/pgfmath.code.tex)
\pgffor@iter=\dimen184
\pgffor@skip=\dimen185
\pgffor@stack=\toks40
\pgffor@toks=\toks41
)) (/usr/local/texlive/2018/texmf-dist/tex/generic/pgf/frontendlayer/tikz/tikz.code.tex
Package: tikz 2015/08/07 v3.0.1a (rcs-revision 1.151)

(/usr/local/texlive/2018/texmf-dist/tex/generic/pgf/libraries/pgflibraryplothandlers.code.tex
File: pgflibraryplothandlers.code.tex 2013/08/31 v3.0.1a (rcs-revision 1.20)
\pgf@plot@mark@count=\count138
\pgfplotmarksize=\dimen186
)
\tikz@lastx=\dimen187
\tikz@lasty=\dimen188
\tikz@lastxsaved=\dimen189
\tikz@lastysaved=\dimen190
\tikzleveldistance=\dimen191
\tikzsiblingdistance=\dimen192
\tikz@figbox=\box47
\tikz@figbox@bg=\box48
\tikz@tempbox=\box49
\tikz@tempbox@bg=\box50
\tikztreelevel=\count139
\tikznumberofchildren=\count140
\tikznumberofcurrentchild=\count141
\tikz@fig@count=\count142
 (/usr/local/texlive/2018/texmf-dist/tex/generic/pgf/modules/pgfmodulematrix.code.tex
File: pgfmodulematrix.code.tex 2013/09/17  (rcs-revision 1.8)
\pgfmatrixcurrentrow=\count143
\pgfmatrixcurrentcolumn=\count144
\pgf@matrix@numberofcolumns=\count145
)
\tikz@expandcount=\count146
 (/usr/local/texlive/2018/texmf-dist/tex/generic/pgf/frontendlayer/tikz/libraries/tikzlibrarytopaths.code.tex
File: tikzlibrarytopaths.code.tex 2008/06/17 v3.0.1a (rcs-revision 1.2)
))) (/usr/local/texlive/2018/texmf-dist/tex/generic/pgfplots/pgfplots.code.tex (/usr/local/texlive/2018/texmf-dist/tex/generic/pgfplots/pgfplotscore.code.tex
\t@pgfplots@toka=\toks42
\t@pgfplots@tokb=\toks43
\t@pgfplots@tokc=\toks44
\pgfplots@tmpa=\dimen193
\c@pgfplots@coordindex=\count147
\c@pgfplots@scanlineindex=\count148
 (/usr/local/texlive/2018/texmf-dist/tex/generic/pgfplots/sys/pgfplotssysgeneric.code.tex)) (/usr/local/texlive/2018/texmf-dist/tex/generic/pgfplots/libs/pgfplotslibrary.code.tex) (/usr/local/texlive/2018/texmf-dist/tex/generic/pgfplots/oldpgfcompatib/pgfplotsoldpgfsupp_loader.code.tex (/usr/local/texlive/2018/texmf-dist/tex/generic/pgf/libraries/pgflibraryfpu.code.tex)
Package pgfplots: loading complementary arithmetics for your pgf version...
(/usr/local/texlive/2018/texmf-dist/tex/generic/pgfplots/oldpgfcompatib/pgfplotsoldpgfsupp_pgflibraryfpu.code.tex) (/usr/local/texlive/2018/texmf-dist/tex/generic/pgfplots/oldpgfcompatib/pgfplotsoldpgfsupp_pgfmathfloat.code.tex
\c@pgfmathroundto@lastzeros=\count149
) (/usr/local/texlive/2018/texmf-dist/tex/generic/pgfplots/oldpgfcompatib/pgfplotsoldpgfsupp_leq.code.tex)) (/usr/local/texlive/2018/texmf-dist/tex/generic/pgfplots/util/pgfplotsutil.code.tex (/usr/local/texlive/2018/texmf-dist/tex/generic/pgfplots/liststructure/pgfplotsliststructure.code.tex) (/usr/local/texlive/2018/texmf-dist/tex/generic/pgfplots/liststructure/pgfplotsliststructureext.code.tex) (/usr/local/texlive/2018/texmf-dist/tex/generic/pgfplots/liststructure/pgfplotsarray.code.tex
\c@pgfplotsarray@tmp=\count150
) (/usr/local/texlive/2018/texmf-dist/tex/generic/pgfplots/liststructure/pgfplotsmatrix.code.tex) (/usr/local/texlive/2018/texmf-dist/tex/generic/pgfplots/numtable/pgfplotstableshared.code.tex
\c@pgfplotstable@counta=\count151
\t@pgfplotstable@a=\toks45
)
(/usr/local/texlive/2018/texmf-dist/tex/generic/pgfplots/liststructure/pgfplotsdeque.code.tex) (/usr/local/texlive/2018/texmf-dist/tex/generic/pgfplots/util/pgfplotsbinary.code.tex (/usr/local/texlive/2018/texmf-dist/tex/generic/pgfplots/util/pgfplotsbinary.data.code.tex)) (/usr/local/texlive/2018/texmf-dist/tex/generic/pgfplots/util/pgfplotsutil.verb.code.tex) (/usr/local/texlive/2018/texmf-dist/tex/generic/pgfplots/libs/pgflibrarypgfplots.surfshading.code.tex
\c@pgfplotslibrarysurf@no=\count152
 (/usr/local/texlive/2018/texmf-dist/tex/generic/pgfplots/sys/pgflibrarypgfplots.surfshading.pgfsys-pdftex.def))) (/usr/local/texlive/2018/texmf-dist/tex/generic/pgfplots/util/pgfplotscolormap.code.tex (/usr/local/texlive/2018/texmf-dist/tex/generic/pgfplots/util/pgfplotscolor.code.tex)) (/usr/local/texlive/2018/texmf-dist/tex/generic/pgfplots/pgfplotsstackedplots.code.tex) (/usr/local/texlive/2018/texmf-dist/tex/generic/pgfplots/pgfplotsplothandlers.code.tex
(/usr/local/texlive/2018/texmf-dist/tex/generic/pgfplots/pgfplotsmeshplothandler.code.tex (/usr/local/texlive/2018/texmf-dist/tex/generic/pgfplots/pgfplotsmeshplotimage.code.tex))) (/usr/local/texlive/2018/texmf-dist/tex/generic/pgfplots/pgfplots.scaling.code.tex) (/usr/local/texlive/2018/texmf-dist/tex/generic/pgfplots/pgfplotscoordprocessing.code.tex) (/usr/local/texlive/2018/texmf-dist/tex/generic/pgfplots/pgfplots.errorbars.code.tex) (/usr/local/texlive/2018/texmf-dist/tex/generic/pgfplots/pgfplots.markers.code.tex) (/usr/local/texlive/2018/texmf-dist/tex/generic/pgfplots/pgfplotsticks.code.tex) (/usr/local/texlive/2018/texmf-dist/tex/generic/pgfplots/pgfplots.paths.code.tex) (/usr/local/texlive/2018/texmf-dist/tex/generic/pgf/frontendlayer/tikz/libraries/tikzlibrarydecorations.code.tex (/usr/local/texlive/2018/texmf-dist/tex/generic/pgf/modules/pgfmoduledecorations.code.tex
\pgfdecoratedcompleteddistance=\dimen194
\pgfdecoratedremainingdistance=\dimen195
\pgfdecoratedinputsegmentcompleteddistance=\dimen196
\pgfdecoratedinputsegmentremainingdistance=\dimen197
\pgf@decorate@distancetomove=\dimen198
\pgf@decorate@repeatstate=\count153
\pgfdecorationsegmentamplitude=\dimen199
\pgfdecorationsegmentlength=\dimen256
)
\tikz@lib@dec@box=\box51
)
(/usr/local/texlive/2018/texmf-dist/tex/generic/pgf/frontendlayer/tikz/libraries/tikzlibrarydecorations.pathmorphing.code.tex (/usr/local/texlive/2018/texmf-dist/tex/generic/pgf/libraries/decorations/pgflibrarydecorations.pathmorphing.code.tex)) (/usr/local/texlive/2018/texmf-dist/tex/generic/pgf/frontendlayer/tikz/libraries/tikzlibrarydecorations.pathreplacing.code.tex (/usr/local/texlive/2018/texmf-dist/tex/generic/pgf/libraries/decorations/pgflibrarydecorations.pathreplacing.code.tex))
\pgfplots@numplots=\count154
\pgfplots@xmin@reg=\dimen257
\pgfplots@xmax@reg=\dimen258
\pgfplots@ymin@reg=\dimen259
\pgfplots@ymax@reg=\dimen260
\pgfplots@zmin@reg=\dimen261
\pgfplots@zmax@reg=\dimen262
) (/usr/local/texlive/2018/texmf-dist/tex/generic/pgf/frontendlayer/tikz/libraries/tikzlibraryplotmarks.code.tex
File: tikzlibraryplotmarks.code.tex 2008/01/09 v3.0.1a (rcs-revision 1.1)
 (/usr/local/texlive/2018/texmf-dist/tex/generic/pgf/libraries/pgflibraryplotmarks.code.tex
File: pgflibraryplotmarks.code.tex 2015/08/03 v3.0.1a (rcs-revision 1.14)
))) (/usr/local/texlive/2018/texmf-dist/tex/latex/graphics/rotating.sty
Package: rotating 2016/08/11 v2.16d rotated objects in LaTeX
 (/usr/local/texlive/2018/texmf-dist/tex/latex/base/ifthen.sty
Package: ifthen 2014/09/29 v1.1c Standard LaTeX ifthen package (DPC)
)
\c@r@tfl@t=\count155
\rotFPtop=\skip67
\rotFPbot=\skip68
\rot@float@box=\box52
\rot@mess@toks=\toks46
) (./Befehle.sty)) (/usr/local/texlive/2018/texmf-dist/tex/latex/titlesec/titlesec.sty
Package: titlesec 2016/03/21 v2.10.2 Sectioning titles
\ttl@box=\box53
\beforetitleunit=\skip69
\aftertitleunit=\skip70
\ttl@plus=\dimen263
\ttl@minus=\dimen264
\ttl@toksa=\toks47
\titlewidth=\dimen265
\titlewidthlast=\dimen266
\titlewidthfirst=\dimen267
)

LaTeX Warning: Unused global option(s):
    [pagesize].

No file _region_.aux.
LaTeX Font Info:    Checking defaults for OML/cmm/m/it on input line 20.
LaTeX Font Info:    ... okay on input line 20.
LaTeX Font Info:    Checking defaults for T1/cmr/m/n on input line 20.
LaTeX Font Info:    ... okay on input line 20.
LaTeX Font Info:    Checking defaults for OT1/cmr/m/n on input line 20.
LaTeX Font Info:    ... okay on input line 20.
LaTeX Font Info:    Checking defaults for OMS/cmsy/m/n on input line 20.
LaTeX Font Info:    ... okay on input line 20.
LaTeX Font Info:    Checking defaults for OMX/cmex/m/n on input line 20.
LaTeX Font Info:    ... okay on input line 20.
LaTeX Font Info:    Checking defaults for U/cmr/m/n on input line 20.
LaTeX Font Info:    ... okay on input line 20.
(/Users/rodri/.emacs.d/elpa/auctex-12.1.2/latex/preview.sty
Package: preview 2017/04/24 12.1 (AUCTeX/preview-latex)
 (/usr/local/texlive/2018/texmf-dist/tex/generic/luatex85/luatex85.sty
Package: luatex85 2016/06/15 v1.4 pdftex aliases for luatex
) (/Users/rodri/.emacs.d/elpa/auctex-12.1.2/latex/prtightpage.def
\PreviewBorder=\dimen268
) (/Users/rodri/.emacs.d/elpa/auctex-12.1.2/latex/prauctex.def
No auxiliary output files.


\hbadness=\count156
\hfuzz=\dimen269
(/Users/rodri/.emacs.d/elpa/auctex-12.1.2/latex/prauctex.cfg)) (/Users/rodri/.emacs.d/elpa/auctex-12.1.2/latex/prfootnotes.def)
\pr@snippet=\count157
\pr@box=\box54
\pr@output=\toks48

Preview: Fontsize 12pt
Preview: PDFoutput 1
)
LaTeX Info: Redefining \. on input line 20.
LaTeX Info: Redefining \% on input line 20.
 (/usr/local/texlive/2018/texmf-dist/tex/context/base/mkii/supp-pdf.mkii
[Loading MPS to PDF converter (version 2006.09.02).]
\scratchcounter=\count158
\scratchdimen=\dimen270
\scratchbox=\box55
\nofMPsegments=\count159
\nofMParguments=\count160
\everyMPshowfont=\toks49
\MPscratchCnt=\count161
\MPscratchDim=\dimen271
\MPnumerator=\count162
\makeMPintoPDFobject=\count163
\everyMPtoPDFconversion=\toks50
) (/usr/local/texlive/2018/texmf-dist/tex/latex/oberdiek/epstopdf-base.sty
Package: epstopdf-base 2016/05/15 v2.6 Base part for package epstopdf
 (/usr/local/texlive/2018/texmf-dist/tex/generic/oberdiek/infwarerr.sty
Package: infwarerr 2016/05/16 v1.4 Providing info/warning/error messages (HO)
) (/usr/local/texlive/2018/texmf-dist/tex/latex/oberdiek/grfext.sty
Package: grfext 2016/05/16 v1.2 Manage graphics extensions (HO)
 (/usr/local/texlive/2018/texmf-dist/tex/generic/oberdiek/kvdefinekeys.sty
Package: kvdefinekeys 2016/05/16 v1.4 Define keys (HO)
 (/usr/local/texlive/2018/texmf-dist/tex/generic/oberdiek/ltxcmds.sty
Package: ltxcmds 2016/05/16 v1.23 LaTeX kernel commands for general use (HO)
))) (/usr/local/texlive/2018/texmf-dist/tex/latex/oberdiek/kvoptions.sty
Package: kvoptions 2016/05/16 v3.12 Key value format for package options (HO)
 (/usr/local/texlive/2018/texmf-dist/tex/generic/oberdiek/kvsetkeys.sty
Package: kvsetkeys 2016/05/16 v1.17 Key value parser (HO)
 (/usr/local/texlive/2018/texmf-dist/tex/generic/oberdiek/etexcmds.sty
Package: etexcmds 2016/05/16 v1.6 Avoid name clashes with e-TeX commands (HO)
 (/usr/local/texlive/2018/texmf-dist/tex/generic/oberdiek/ifluatex.sty
Package: ifluatex 2016/05/16 v1.4 Provides the ifluatex switch (HO)
Package ifluatex Info: LuaTeX not detected.
)
Package etexcmds Info: Could not find \expanded.
(etexcmds)             That can mean that you are not using pdfTeX 1.50 or
(etexcmds)             that some package has redefined \expanded.
(etexcmds)             In the latter case, load this package earlier.
))) (/usr/local/texlive/2018/texmf-dist/tex/generic/oberdiek/pdftexcmds.sty
Package: pdftexcmds 2018/09/10 v0.29 Utility functions of pdfTeX for LuaTeX (HO)
Package pdftexcmds Info: LuaTeX not detected.
Package pdftexcmds Info: \pdf@primitive is available.
Package pdftexcmds Info: \pdf@ifprimitive is available.
Package pdftexcmds Info: \pdfdraftmode found.
)
Package epstopdf-base Info: Redefining graphics rule for `.eps' on input line 438.
Package grfext Info: Graphics extension search list:
(grfext)             [.pdf,.png,.jpg,.mps,.jpeg,.jbig2,.jb2,.PDF,.PNG,.JPG,.JPEG,.JBIG2,.JB2,.eps]
(grfext)             \AppendGraphicsExtensions on input line 456.
 (/usr/local/texlive/2018/texmf-dist/tex/latex/latexconfig/epstopdf-sys.cfg
File: epstopdf-sys.cfg 2010/07/13 v1.3 Configuration of (r)epstopdf for TeX Live
))
*geometry* driver: auto-detecting
*geometry* detected driver: pdftex
*geometry* verbose mode - [ preamble ] result:
* driver: pdftex
* paper: letterpaper
* layout: <same size as paper>
* layoutoffset:(h,v)=(0.0pt,0.0pt)
* modes: 
* h-part:(L,W,R)=(92.14519pt, 430.00462pt, 92.14519pt)
* v-part:(T,H,B)=(95.39737pt, 556.47656pt, 143.09605pt)
* \paperwidth=614.295pt
* \paperheight=794.96999pt
* \textwidth=469.47046pt
* \textheight=640.187pt
* \oddsidemargin=14.22636pt
* \evensidemargin=-14.22636pt
* \topmargin=0.0pt
* \headheight=12.0pt
* \headsep=25.0pt
* \topskip=12.0pt
* \footskip=30.0pt
* \marginparwidth=0.0pt
* \marginparsep=10.0pt
* \columnsep=10.0pt
* \skip\footins=10.8pt plus 4.0pt minus 2.0pt
* \hoffset=0.0pt
* \voffset=0.0pt
* \mag=1000
* \@twocolumnfalse
* \@twosidefalse
* \@mparswitchfalse
* \@reversemarginfalse
* (1in=72.27pt=25.4mm, 1cm=28.453pt)

ABD: EveryShipout initializing macros

Package pgfplots Warning: running in backwards compatibility mode (unsuitable tick labels; missing features). Consider writing \pgfplotsset{compat=1.16} into your preamble.
 on input line 20.

 !name(template.tex) !offset(-3)  (./HojaTitulo/HojaTituloMSc.tex
./HojaTitulo/HojaTituloMSc.tex:4: Preview: Snippet 1 started.
<-><->
      
l.4 \begin{figure}
                  
Not a real error.

<HojaTitulo/UCBSinFondo.png, id=4, 229.8186pt x 286.1892pt>
File: HojaTitulo/UCBSinFondo.png Graphic file (type png)
<use HojaTitulo/UCBSinFondo.png>
Package pdftex.def Info: HojaTitulo/UCBSinFondo.png  used on input line 10.
(pdftex.def)             Requested size: 172.36353pt x 214.64136pt.
Preview: Tightpage -32891 -32891 32891 32891
./HojaTitulo/HojaTituloMSc.tex:11: Preview: Snippet 1 ended.(20026803+0x30767216).
<-><->
      
l.11 \end{figure}
                 
Not a real error.

[1{/usr/local/texlive/2018/texmf-var/fonts/map/pdftex/updmap/pdftex.map} <./HojaTitulo/UCBSinFondo.png>]

Package Fancyhdr Warning: \headheight is too small (12.0pt): 
 Make it at least 14.49998pt.
 We now make it that large for the rest of the document.
 This may cause the page layout to be inconsistent, however.

) (./Tab_Simbolos/TabSimbolosMSc.tex
./Tab_Simbolos/TabSimbolosMSc.tex:17: Preview: Snippet 2 started.
<-><->
      
l.17 \textbf
            {S\'{\i}mbolo}&\textbf{T\'{e}rmino}&\\[0.6ex]\hline
Not a real error.

./Tab_Simbolos/TabSimbolosMSc.tex:17: Preview: Snippet 2 ended.(498346+0x2888397).
<-><->
      
l.17 \textbf{S\'{\i}mbolo}&
                           \textbf{T\'{e}rmino}&\\[0.6ex]\hline
Not a real error.

[2]
./Tab_Simbolos/TabSimbolosMSc.tex:17: Preview: Snippet 3 started.
<-><->
      
l.17 \textbf{S\'{\i}mbolo}&\textbf{T\'{e}rmino}&\\
                                                  [0.6ex]\hline
Not a real error.

./Tab_Simbolos/TabSimbolosMSc.tex:17: Preview: Snippet 3 ended.(0+0x0).
<-><->
      
l.17 ...'{\i}mbolo}&\textbf{T\'{e}rmino}&\\[0.6ex]
                                                  \hline
Not a real error.

[3]
./Tab_Simbolos/TabSimbolosMSc.tex:19: Preview: Snippet 4 started.
<-><->
      
l.19 \textbf
            {S\'{\i}mbolo}&\textbf{T\'{e}rmino}&\\[0.6ex]\hline
Not a real error.

./Tab_Simbolos/TabSimbolosMSc.tex:19: Preview: Snippet 4 ended.(498346+0x2888397).
<-><->
      
l.19 \textbf{S\'{\i}mbolo}&
                           \textbf{T\'{e}rmino}&\\[0.6ex]\hline
Not a real error.

[4]
./Tab_Simbolos/TabSimbolosMSc.tex:19: Preview: Snippet 5 started.
<-><->
      
l.19 \textbf{S\'{\i}mbolo}&\textbf{T\'{e}rmino}&\\
                                                  [0.6ex]\hline
Not a real error.

./Tab_Simbolos/TabSimbolosMSc.tex:19: Preview: Snippet 5 ended.(0+0x0).
<-><->
      
l.19 ...'{\i}mbolo}&\textbf{T\'{e}rmino}&\\[0.6ex]
                                                  \hline
Not a real error.

[5]
./Tab_Simbolos/TabSimbolosMSc.tex:21: Preview: Snippet 6 started.
<-><->
      
l.21       I
            _{\text{max}}        & Corriente m\'axima[\textit A]            ...
Not a real error.

./Tab_Simbolos/TabSimbolosMSc.tex:21: Preview: Snippet 6 ended.(490372+107642x1384980).
<-><->
      
l.21       I_{\text{max}}        &
                                   Corriente m\'axima[\textit A]            ...
Not a real error.

[6]
./Tab_Simbolos/TabSimbolosMSc.tex:22: Preview: Snippet 7 started.
<-><->
      
l.22       \alpha
                  &tasa de aprendizaje                     \\%
Not a real error.

./Tab_Simbolos/TabSimbolosMSc.tex:22: Preview: Snippet 7 ended.(308974+0x461718).
<-><->
      
l.22       \alpha &
                   tasa de aprendizaje                     \\%
Not a real error.

[7]
./Tab_Simbolos/TabSimbolosMSc.tex:23: Preview: Snippet 8 started.
<-><->
      
l.23       \lambda
                  _{\text{i}}   & Autovalor i                             \\%
Not a real error.

./Tab_Simbolos/TabSimbolosMSc.tex:23: Preview: Snippet 8 ended.(498346+107642x606120).
<-><->
      
l.23       \lambda_{\text{i}}   &
                                  Autovalor i                             \\%
Not a real error.

[8]

Package longtable Warning: Column widths have changed
(longtable)                in table \textbf {0-1} on input line 25.

./Tab_Simbolos/TabSimbolosMSc.tex:37: Preview: Snippet 9 started.
<-><->
      
l.37  $
       DP$&Deep Learning - Aprendizaje profundo \\%
Not a real error.

./Tab_Simbolos/TabSimbolosMSc.tex:37: Preview: Snippet 9 ended.(490372+0x1174454).
<-><->
      
l.37  $DP$
          &Deep Learning - Aprendizaje profundo \\%
Not a real error.

[9]
./Tab_Simbolos/TabSimbolosMSc.tex:38: Preview: Snippet 10 started.
<-><->
      
l.38  $
       FCEM$    & Fuerza contraelectromotriz\\%
Not a real error.

./Tab_Simbolos/TabSimbolosMSc.tex:38: Preview: Snippet 10 ended.(490372+0x2470900).
<-><->
      
l.38  $FCEM$
                & Fuerza contraelectromotriz\\%
Not a real error.

[10]
./Tab_Simbolos/TabSimbolosMSc.tex:39: Preview: Snippet 11 started.
<-><->
      
l.39  $
       RAM$   &Random Access Memory - Memoria de Acceso Aleatorio\\%
Not a real error.

./Tab_Simbolos/TabSimbolosMSc.tex:39: Preview: Snippet 11 ended.(490372+0x1863069).
<-><->
      
l.39  $RAM$
              &Random Access Memory - Memoria de Acceso Aleatorio\\%
Not a real error.

[11]

Package longtable Warning: Column widths have changed
(longtable)                in table \textbf {0-2} on input line 41.

)
./_region_.tex:33: Preview: Snippet 12 started.
<-><->
      
l.33 \tableofcontents
                     
Not a real error.

./_region_.tex:33: Preview: Snippet 12 ended.(6084034+0x30767216).
<-><->
      
l.33 \tableofcontents
                     
Not a real error.

[12

]
No file _region_.toc.
./_region_.tex:34: Preview: Snippet 13 started.
<-><->
      
l.34 \listoffigures
                   
Not a real error.

./_region_.tex:34: Preview: Snippet 13 ended.(5921837+0x30767216).
<-><->
      
l.34 \listoffigures
                   
Not a real error.

[13

]
No file _region_.lof.
./_region_.tex:36: Preview: Snippet 14 started.
<-><->
      
l.36 \listoftables
                  
Not a real error.

./_region_.tex:36: Preview: Snippet 14 ended.(5921837+0x30767216).
<-><->
      
l.36 \listoftables
                  
Not a real error.

[14

]
No file _region_.lot.
No file org/doc.tex.tex.
(./Kap1/Kap1.tex
./Kap1/Kap1.tex:3: Preview: Snippet 15 started.
<-><->
      
l.3 \chapter
            {Marco Referencial}
Not a real error.

Cap\'{\i }tulo 1.
./Kap1/Kap1.tex:3: Preview: Snippet 15 ended.(9236668+0x30767216).
<-><->
      
l.3 \chapter{Marco Referencial}
                               
Not a real error.

[15




]
./Kap1/Kap1.tex:14: Preview: Snippet 16 started.
<-><->
      
l.14 ... Universidad Nacional de Colombia\footnote
                                                  {ver: www.sinab.unal.edu.c...
Not a real error.

./Kap1/Kap1.tex:14: Preview: Snippet 16 ended.(598293+0x311300).
<-><->
      
l.14 ...ombia\footnote{ver: www.sinab.unal.edu.co}
                                                  , en la secci\'{o}n "Recur...
Not a real error.

[16]
LaTeX Info: Redefining \. on input line 57.
LaTeX Info: Redefining \% on input line 57.
)
LaTeX Info: Redefining \. on input line 40.
LaTeX Info: Redefining \% on input line 40.
 (./Kap2/Kap2.tex
./Kap2/Kap2.tex:1: Preview: Snippet 17 started.
<-><->
      
l.1 \chapter
            {Marco Te\'orico}
Not a real error.

Cap\'{\i }tulo 2.
./Kap2/Kap2.tex:1: Preview: Snippet 17 ended.(9236668+0x30767216).
<-><->
      
l.1 \chapter{Marco Te\'orico}
                             
Not a real error.

[17




]
./Kap2/Kap2.tex:11: Preview: Snippet 18 started.
<-><->
      
l.11 ... Universidad Nacional de Colombia\footnote
                                                  {Ver:www.sinab.unal.edu.co...
Not a real error.

./Kap2/Kap2.tex:11: Preview: Snippet 18 ended.(598293+0x311300).
<-><->
      
l.11 ...ombia\footnote{Ver:www.sinab.unal.edu.co }
                                                   secci\'{o}n "Recursos bib...
Not a real error.

[18]

LaTeX Warning: Citation `AG01' on page 4 undefined on input line 13.


LaTeX Warning: Citation `AG12' on page 4 undefined on input line 15.


LaTeX Warning: Citation `AG52' on page 4 undefined on input line 15.


LaTeX Warning: Citation `AG70' on page 4 undefined on input line 15.


LaTeX Warning: Citation `AG08a' on page 4 undefined on input line 15.


LaTeX Warning: Citation `AG09a' on page 4 undefined on input line 15.


LaTeX Warning: Citation `AG36a' on page 4 undefined on input line 15.


LaTeX Warning: Citation `AG01i' on page 4 undefined on input line 15.


LaTeX Warning: Citation `AG02i' on page 5 undefined on input line 44.

./Kap2/Kap2.tex:46: Preview: Snippet 19 started.
<-><->
      
l.46 ...g\'{\i}a primaria /\% (Mtoe)\;$\tnote{1}$}
                                                  \\\cline{2-3}%
Not a real error.

./Kap2/Kap2.tex:46: Preview: Snippet 19 ended.(598293+0x0).
<-><->
      
l.46 ...g\'{\i}a primaria /\% (Mtoe)\;$\tnote{1}$}
                                                  \\\cline{2-3}%
Not a real error.

[19]
LaTeX Info: Redefining \. on input line 57.
LaTeX Info: Redefining \% on input line 57.

./Kap2/Kap2.tex:62: Preview: Snippet 20 started.
<-><->
      
l.62 	\begin{equation}
                      \label{fuerza}
Not a real error.

./Kap2/Kap2.tex:64: Preview: Snippet 20 ended.(717618+0x30767216).
<-><->
      
l.64 	\end{equation}
                    
Not a real error.

[20

]
./Kap2/Kap2.tex:66: Preview: Snippet 21 started.
<-><->
      
l.66 \(
       F\) es fuerza\\
Not a real error.

./Kap2/Kap2.tex:66: Preview: Snippet 21 ended.(490372+0x561139).
<-><->
      
l.66 \(F\)
           es fuerza\\
Not a real error.

[21]
./Kap2/Kap2.tex:67: Preview: Snippet 22 started.
<-><->
      
l.67 \(
       m\) es masa\\
Not a real error.

./Kap2/Kap2.tex:67: Preview: Snippet 22 ended.(308974+0x630079).
<-><->
      
l.67 \(m\)
           es masa\\
Not a real error.

[22]
./Kap2/Kap2.tex:68: Preview: Snippet 23 started.
<-><->
      
l.68 \(
       a\) es aceleraci\'on\\
Not a real error.

./Kap2/Kap2.tex:68: Preview: Snippet 23 ended.(308974+0x379326).
<-><->
      
l.68 \(a\)
           es aceleraci\'on\\
Not a real error.

[23]

LaTeX Warning: Reference `fuerza' on page 6 undefined on input line 69.

)
LaTeX Info: Redefining \. on input line 41.
LaTeX Info: Redefining \% on input line 41.
 (./Kap3/Kap3.tex
./Kap3/Kap3.tex:1: Preview: Snippet 24 started.
<-><->
      
l.1 \chapter
            {Marco Pr\'actico}
Not a real error.

Cap\'{\i }tulo 3.
./Kap3/Kap3.tex:1: Preview: Snippet 24 ended.(9236668+0x30767216).
<-><->
      
l.1 \chapter{Marco Pr\'actico}
                              
Not a real error.

[24




]
./Kap3/Kap3.tex:5: Preview: Snippet 25 started.
<-><->
      
l.5 ...a Universidad Nacional de Colombia\footnote
                                                  {Ver:www.sinab.unal.edu.co...
Not a real error.

./Kap3/Kap3.tex:5: Preview: Snippet 25 ended.(598293+0x311300).
<-><->
      
l.5 ...lombia\footnote{Ver:www.sinab.unal.edu.co }
                                                   secci\'{o}n "Recursos bib...
Not a real error.

[25]

LaTeX Warning: Citation `AG01' on page 7 undefined on input line 7.


LaTeX Warning: Citation `AG12' on page 7 undefined on input line 9.


LaTeX Warning: Citation `AG52' on page 7 undefined on input line 9.


LaTeX Warning: Citation `AG70' on page 7 undefined on input line 9.


LaTeX Warning: Citation `AG08a' on page 7 undefined on input line 9.


LaTeX Warning: Citation `AG09a' on page 7 undefined on input line 9.


LaTeX Warning: Citation `AG36a' on page 7 undefined on input line 9.


LaTeX Warning: Citation `AG01i' on page 7 undefined on input line 9.

./Kap3/Kap3.tex:21: Preview: Snippet 26 started.
<-><->
      
l.21 ... al pie y su nota correspondiente\footnote
                                                  {Las notas van como "notas...
Not a real error.

./Kap3/Kap3.tex:21: Preview: Snippet 26 ended.(598293+0x311300).
<-><->
      
l.21 ...i\'{o}n bibliogr\'{a}fica seleccionadas).}
                                                  . La fuente documental se ...
Not a real error.

[26]

LaTeX Warning: Reference `fig:Fruto' on page 8 undefined on input line 27.

./Kap3/Kap3.tex:28: Preview: Snippet 27 started.
<-><->
      
l.28 \begin{figure}
                   
Not a real error.

<Kap3/FrutoSp.png, id=97, 391.7034pt x 274.1442pt>
File: Kap3/FrutoSp.png Graphic file (type png)
<use Kap3/FrutoSp.png>
Package pdftex.def Info: Kap3/FrutoSp.png  used on input line 30.
(pdftex.def)             Requested size: 391.70244pt x 274.14351pt.

LaTeX Warning: Citation `AG03p' on page 8 undefined on input line 31.


LaTeX Warning: Citation `AG04p' on page 8 undefined on input line 31.

./Kap3/Kap3.tex:32: Preview: Snippet 27 ended.(19863542+0x30767216).
<-><->
      
l.32 \end{figure}
                 
Not a real error.

[27


 <./Kap3/FrutoSp.png (PNG copy)>]

LaTeX Warning: Reference `EMundo1' on page 8 undefined on input line 48.


LaTeX Warning: Citation `AG02i' on page 8 undefined on input line 53.

./Kap3/Kap3.tex:55: Preview: Snippet 28 started.
<-><->
      
l.55 ...g\'{\i}a primaria /\% (Mtoe)\;$\tnote{1}$}
                                                  \\\cline{2-3}%
Not a real error.

./Kap3/Kap3.tex:55: Preview: Snippet 28 ended.(598293+0x0).
<-><->
      
l.55 ...g\'{\i}a primaria /\% (Mtoe)\;$\tnote{1}$}
                                                  \\\cline{2-3}%
Not a real error.

[28]
LaTeX Info: Redefining \. on input line 66.
LaTeX Info: Redefining \% on input line 66.
)
LaTeX Info: Redefining \. on input line 42.
LaTeX Info: Redefining \% on input line 42.
 (./Kap4/Kap4.tex
./Kap4/Kap4.tex:1: Preview: Snippet 29 started.
<-><->
      
l.1 \chapter
            {Marco Conclusivo}
Not a real error.

Cap\'{\i }tulo 4.
./Kap4/Kap4.tex:1: Preview: Snippet 29 ended.(9236668+0x30767216).
<-><->
      
l.1 \chapter{Marco Conclusivo}
                              
Not a real error.

[29




])
./_region_.tex:47: Missing $ inserted.
<inserted text> 
                $
l.47 \section{Marco te贸rico}
                             
I've inserted a begin-math/end-math symbol since I think
you left one out. Proceed, with fingers crossed.

./_region_.tex:47: Extra }, or forgotten $.
\maththreesuperior ->{^3}
                         
l.47 \section{Marco te贸rico}
                             
I've deleted a group-closing symbol because it seems to be
spurious, as in `$x}$'. But perhaps the } is legitimate and
you forgot something else, as in `\hbox{$x}'. In such cases
the way to recover is to insert both the forgotten and the
deleted material, e.g., by typing `I$}'.

./_region_.tex:47: Missing $ inserted.
<inserted text> 
                $
l.47 \section{Marco te贸rico}
                             
I've inserted a begin-math/end-math symbol since I think
you left one out. Proceed, with fingers crossed.

./_region_.tex:47: Missing } inserted.
<inserted text> 
                }
l.47 \section{Marco te贸rico}
                             
I've inserted something that you may have forgotten.
(See the <inserted text> above.)
With luck, this will get me unwedged. But if you
really didn't forget anything, try typing `2' now; then
my insertion and my current dilemma will both disappear.

./_region_.tex:71: Preview: Snippet 30 started.
<-><->
      
l.71 ...ne{toc}{chapter}\{\numberline{}Bibliograf$
                                                  \backslash$'\{\i\}a\}
Not a real error.

./_region_.tex:71: Preview: Snippet 30 ended.(538214+179404x358810).
<-><->
      
l.71 ...pter}\{\numberline{}Bibliograf$\backslash$
                                                  '\{\i\}a\}
Not a real error.

[30]
LaTeX Font Info:    Try loading font information for OMS+cmr on input line 71.
 (/usr/local/texlive/2018/texmf-dist/tex/latex/base/omscmr.fd
File: omscmr.fd 2014/09/29 v2.5h Standard LaTeX font definitions
)
LaTeX Font Info:    Font shape `OMS/cmr/m/n' in size <10.95> not available
(Font)              Font shape `OMS/cmsy/m/n' tried instead on input line 71.

No file _region_.bbl.
LaTeX Info: Redefining \. on input line 74.
LaTeX Info: Redefining \% on input line 74.
(./Anexos/Anexos.tex
./Anexos/Anexos.tex:2: Preview: Snippet 31 started.
<-><->
      
l.2 \chapter
            {Anexo: Nombrar el anexo A de acuerdo con su contenido}\label{An...
Not a real error.

Ap\'{e}ndice A.
./Anexos/Anexos.tex:2: Preview: Snippet 31 ended.(10822648+0x30767216).
<-><->
      
l.2 ...rar el anexo A de acuerdo con su contenido}
                                                  \label{AnexoA}
Not a real error.

[31




]
./Anexos/Anexos.tex:5: Preview: Snippet 32 started.
<-><->
      
l.5 \chapter
            {Anexo: Nombrar el anexo B de acuerdo con su contenido}
Not a real error.

Ap\'{e}ndice B.
./Anexos/Anexos.tex:5: Preview: Snippet 32 ended.(10822648+0x30767216).
<-><->
      
l.5 ...rar el anexo B de acuerdo con su contenido}
                                                  
Not a real error.

[32




]
./Anexos/Anexos.tex:8: Preview: Snippet 33 started.
<-><->
      
l.8 \chapter
            {Anexo: Nombrar el anexo C de acuerdo con su contenido}
Not a real error.

Ap\'{e}ndice C.
./Anexos/Anexos.tex:8: Preview: Snippet 33 ended.(10822648+0x30767216).
<-><->
      
l.8 ...rar el anexo C de acuerdo con su contenido}
                                                  
Not a real error.

[33




]
./Anexos/Anexos.tex:31: Preview: Snippet 34 started.
<-><->
      
l.31 ... Universidad Nacional de Colombia\footnote
                                                  {Ver: www.sinab.unal.edu.c...
Not a real error.

./Anexos/Anexos.tex:31: Preview: Snippet 34 ended.(598293+0x311300).
<-><->
      
l.31 ...ombia\footnote{Ver: www.sinab.unal.edu.co}
                                                  , disponible en la secci\'...
Not a real error.

[34])
LaTeX Info: Redefining \. on input line 74.
LaTeX Info: Redefining \% on input line 74.

./_region_.tex:74: Missing $ inserted.
<inserted text> 
                $
l.74 \include{Anexos/Anexos}
                            
I've inserted a begin-math/end-math symbol since I think
you left one out. Proceed, with fingers crossed.

./_region_.tex:74: Extra }, or forgotten $.
<argument> ...hickmuskip {.2777em} Marco te\~A{^3}
                                                  rico
l.74 \include{Anexos/Anexos}
                            
I've deleted a group-closing symbol because it seems to be
spurious, as in `$x}$'. But perhaps the } is legitimate and
you forgot something else, as in `\hbox{$x}'. In such cases
the way to recover is to insert both the forgotten and the
deleted material, e.g., by typing `I$}'.

./_region_.tex:74: Missing $ inserted.
<inserted text> 
                $
l.74 \include{Anexos/Anexos}
                            
I've inserted something that you may have forgotten.
(See the <inserted text> above.)
With luck, this will get me unwedged. But if you
really didn't forget anything, try typing `2' now; then
my insertion and my current dilemma will both disappear.

./_region_.tex:74: Missing } inserted.
<inserted text> 
                }
l.74 \include{Anexos/Anexos}
                            
I've inserted something that you may have forgotten.
(See the <inserted text> above.)
With luck, this will get me unwedged. But if you
really didn't forget anything, try typing `2' now; then
my insertion and my current dilemma will both disappear.


Package Fancyhdr Warning: \headheight is too small (14.49998pt): 
 Make it at least 15.34767pt.
 We now make it that large for the rest of the document.
 This may cause the page layout to be inconsistent, however.


Package longtable Warning: Table widths have changed. Rerun LaTeX.


LaTeX Warning: There were undefined references.

 ) 
Here is how much of TeX's memory you used:
 24684 strings out of 492616
 611815 string characters out of 6128983
 823732 words of memory out of 5000000
 28068 multiletter control sequences out of 15000+600000
 13146 words of font info for 47 fonts, out of 8000000 for 9000
 1151 hyphenation exceptions out of 8191
 65i,17n,96p,1167b,609s stack positions out of 5000i,500n,10000p,200000b,80000s
</usr/local/texlive/2018/texmf-dist/fonts/type1/public/amsfonts/cm/cmbx10.pfb></usr/local/texlive/2018/texmf-dist/fonts/type1/public/amsfonts/cm/cmbx12.pfb></usr/local/texlive/2018/texmf-dist/fonts/type1/public/amsfonts/cm/cmcsc10.pfb></usr/local/texlive/2018/texmf-dist/fonts/type1/public/amsfonts/cm/cmmi10.pfb></usr/local/texlive/2018/texmf-dist/fonts/type1/public/amsfonts/cm/cmr10.pfb></usr/local/texlive/2018/texmf-dist/fonts/type1/public/amsfonts/cm/cmr12.pfb></usr/local/texlive/2018/texmf-dist/fonts/type1/public/amsfonts/cm/cmr8.pfb></usr/local/texlive/2018/texmf-dist/fonts/type1/public/amsfonts/cm/cmsy10.pfb>
Output written on _region_.pdf (34 pages, 197477 bytes).
PDF statistics:
 153 PDF objects out of 1000 (max. 8388607)
 104 compressed objects within 2 object streams
 0 named destinations out of 1000 (max. 500000)
 23 words of extra memory for PDF output out of 10000 (max. 10000000)

